This is XeTeX, Version 3.141592653-2.6-0.999997 (MiKTeX 25.4) (preloaded format=xelatex 2025.5.21)  21 MAY 2025 18:32
entering extended mode
 restricted \write18 enabled.
 %&-line parsing enabled.
**./framework.tex
(framework.tex
LaTeX2e <2024-11-01> patch level 2
L3 programming layer <2025-04-14>
(C:\Users\ryan_\AppData\Local\Programs\MiKTeX\tex/latex/base\article.cls
Document Class: article 2024/06/29 v1.4n Standard LaTeX document class
(C:\Users\ryan_\AppData\Local\Programs\MiKTeX\tex/latex/base\size11.clo
File: size11.clo 2024/06/29 v1.4n Standard LaTeX file (size option)
)
\c@part=\count268
\c@section=\count269
\c@subsection=\count270
\c@subsubsection=\count271
\c@paragraph=\count272
\c@subparagraph=\count273
\c@figure=\count274
\c@table=\count275
\abovecaptionskip=\skip49
\belowcaptionskip=\skip50
\bibindent=\dimen146
)
(C:\Users\ryan_\AppData\Local\Programs\MiKTeX\tex/latex/geometry\geometry.sty
Package: geometry 2020/01/02 v5.9 Page Geometry

(C:\Users\ryan_\AppData\Local\Programs\MiKTeX\tex/latex/graphics\keyval.sty
Package: keyval 2022/05/29 v1.15 key=value parser (DPC)
\KV@toks@=\toks17
)
(C:\Users\ryan_\AppData\Local\Programs\MiKTeX\tex/generic/iftex\ifvtex.sty
Package: ifvtex 2019/10/25 v1.7 ifvtex legacy package. Use iftex instead.

(C:\Users\ryan_\AppData\Local\Programs\MiKTeX\tex/generic/iftex\iftex.sty
Package: iftex 2024/12/12 v1.0g TeX engine tests
))
\Gm@cnth=\count276
\Gm@cntv=\count277
\c@Gm@tempcnt=\count278
\Gm@bindingoffset=\dimen147
\Gm@wd@mp=\dimen148
\Gm@odd@mp=\dimen149
\Gm@even@mp=\dimen150
\Gm@layoutwidth=\dimen151
\Gm@layoutheight=\dimen152
\Gm@layouthoffset=\dimen153
\Gm@layoutvoffset=\dimen154
\Gm@dimlist=\toks18

(C:\Users\ryan_\AppData\Local\Programs\MiKTeX\tex/latex/geometry\geometry.cfg))
(C:\Users\ryan_\AppData\Local\Programs\MiKTeX\tex/latex/xcolor\xcolor.sty
Package: xcolor 2024/09/29 v3.02 LaTeX color extensions (UK)

(C:\Users\ryan_\AppData\Local\Programs\MiKTeX\tex/latex/graphics-cfg\color.cfg
File: color.cfg 2016/01/02 v1.6 sample color configuration
)
Package xcolor Info: Driver file: xetex.def on input line 274.
(C:\Users\ryan_\AppData\Local\Programs\MiKTeX\tex/latex/graphics-def\xetex.def
File: xetex.def 2022/09/22 v5.0n Graphics/color driver for xetex
) (C:\Users\ryan_\AppData\Local\Programs\MiKTeX\tex/latex/graphics\mathcolor.lt
x)
Package xcolor Info: Model `cmy' substituted by `cmy0' on input line 1349.
Package xcolor Info: Model `RGB' extended on input line 1365.
Package xcolor Info: Model `HTML' substituted by `rgb' on input line 1367.
Package xcolor Info: Model `Hsb' substituted by `hsb' on input line 1368.
Package xcolor Info: Model `tHsb' substituted by `hsb' on input line 1369.
Package xcolor Info: Model `HSB' substituted by `hsb' on input line 1370.
Package xcolor Info: Model `Gray' substituted by `gray' on input line 1371.
Package xcolor Info: Model `wave' substituted by `hsb' on input line 1372.
)
(C:\Users\ryan_\AppData\Local\Programs\MiKTeX\tex/latex/graphics\dvipsnam.def
File: dvipsnam.def 2016/06/17 v3.0m Driver-dependent file (DPC,SPQR)
)
(C:\Users\ryan_\AppData\Local\Programs\MiKTeX\tex/latex/hyperref\hyperref.sty
Package: hyperref 2024-11-05 v7.01l Hypertext links for LaTeX

(C:\Users\ryan_\AppData\Local\Programs\MiKTeX\tex/latex/kvsetkeys\kvsetkeys.sty
Package: kvsetkeys 2022-10-05 v1.19 Key value parser (HO)
)
(C:\Users\ryan_\AppData\Local\Programs\MiKTeX\tex/generic/kvdefinekeys\kvdefine
keys.sty
Package: kvdefinekeys 2019-12-19 v1.6 Define keys (HO)
)
(C:\Users\ryan_\AppData\Local\Programs\MiKTeX\tex/generic/pdfescape\pdfescape.s
ty
Package: pdfescape 2019/12/09 v1.15 Implements pdfTeX's escape features (HO)

(C:\Users\ryan_\AppData\Local\Programs\MiKTeX\tex/generic/ltxcmds\ltxcmds.sty
Package: ltxcmds 2023-12-04 v1.26 LaTeX kernel commands for general use (HO)
)
(C:\Users\ryan_\AppData\Local\Programs\MiKTeX\tex/generic/pdftexcmds\pdftexcmds
.sty
Package: pdftexcmds 2020-06-27 v0.33 Utility functions of pdfTeX for LuaTeX (HO
)

(C:\Users\ryan_\AppData\Local\Programs\MiKTeX\tex/generic/infwarerr\infwarerr.s
ty
Package: infwarerr 2019/12/03 v1.5 Providing info/warning/error messages (HO)
)
Package pdftexcmds Info: \pdf@primitive is available.
Package pdftexcmds Info: \pdf@ifprimitive is available.
Package pdftexcmds Info: \pdfdraftmode not found.
))
(C:\Users\ryan_\AppData\Local\Programs\MiKTeX\tex/latex/hycolor\hycolor.sty
Package: hycolor 2020-01-27 v1.10 Color options for hyperref/bookmark (HO)
)
(C:\Users\ryan_\AppData\Local\Programs\MiKTeX\tex/latex/hyperref\nameref.sty
Package: nameref 2023-11-26 v2.56 Cross-referencing by name of section

(C:\Users\ryan_\AppData\Local\Programs\MiKTeX\tex/latex/refcount\refcount.sty
Package: refcount 2019/12/15 v3.6 Data extraction from label references (HO)
)
(C:\Users\ryan_\AppData\Local\Programs\MiKTeX\tex/generic/gettitlestring\gettit
lestring.sty
Package: gettitlestring 2019/12/15 v1.6 Cleanup title references (HO)

(C:\Users\ryan_\AppData\Local\Programs\MiKTeX\tex/latex/kvoptions\kvoptions.sty
Package: kvoptions 2022-06-15 v3.15 Key value format for package options (HO)
))
\c@section@level=\count279
)
(C:\Users\ryan_\AppData\Local\Programs\MiKTeX\tex/latex/etoolbox\etoolbox.sty
Package: etoolbox 2025/02/11 v2.5l e-TeX tools for LaTeX (JAW)
\etb@tempcnta=\count280
)
(C:\Users\ryan_\AppData\Local\Programs\MiKTeX\tex/generic/stringenc\stringenc.s
ty
Package: stringenc 2019/11/29 v1.12 Convert strings between diff. encodings (HO
)
)
\@linkdim=\dimen155
\Hy@linkcounter=\count281
\Hy@pagecounter=\count282
 (C:\Users\ryan_\AppData\Local\Programs\MiKTeX\tex/latex/hyperref\pd1enc.def
File: pd1enc.def 2024-11-05 v7.01l Hyperref: PDFDocEncoding definition (HO)
) (C:\Users\ryan_\AppData\Local\Programs\MiKTeX\tex/generic/intcalc\intcalc.sty
Package: intcalc 2019/12/15 v1.3 Expandable calculations with integers (HO)
)
\Hy@SavedSpaceFactor=\count283
 (C:\Users\ryan_\AppData\Local\Programs\MiKTeX\tex/latex/hyperref\puenc.def
File: puenc.def 2024-11-05 v7.01l Hyperref: PDF Unicode definition (HO)
)
Package hyperref Info: Option `colorlinks' set `true' on input line 4040.
Package hyperref Info: Hyper figures OFF on input line 4157.
Package hyperref Info: Link nesting OFF on input line 4162.
Package hyperref Info: Hyper index ON on input line 4165.
Package hyperref Info: Plain pages OFF on input line 4172.
Package hyperref Info: Backreferencing OFF on input line 4177.
Package hyperref Info: Implicit mode ON; LaTeX internals redefined.
Package hyperref Info: Bookmarks ON on input line 4424.
\c@Hy@tempcnt=\count284

(C:\Users\ryan_\AppData\Local\Programs\MiKTeX\tex/latex/url\url.sty
\Urlmuskip=\muskip17
Package: url 2013/09/16  ver 3.4  Verb mode for urls, etc.
)
LaTeX Info: Redefining \url on input line 4763.
\XeTeXLinkMargin=\dimen156

(C:\Users\ryan_\AppData\Local\Programs\MiKTeX\tex/generic/bitset\bitset.sty
Package: bitset 2019/12/09 v1.3 Handle bit-vector datatype (HO)

(C:\Users\ryan_\AppData\Local\Programs\MiKTeX\tex/generic/bigintcalc\bigintcalc
.sty
Package: bigintcalc 2019/12/15 v1.5 Expandable calculations on big integers (HO
)
))
\Fld@menulength=\count285
\Field@Width=\dimen157
\Fld@charsize=\dimen158
Package hyperref Info: Hyper figures OFF on input line 6042.
Package hyperref Info: Link nesting OFF on input line 6047.
Package hyperref Info: Hyper index ON on input line 6050.
Package hyperref Info: backreferencing OFF on input line 6057.
Package hyperref Info: Link coloring ON on input line 6060.
Package hyperref Info: Link coloring with OCG OFF on input line 6067.
Package hyperref Info: PDF/A mode OFF on input line 6072.

(C:\Users\ryan_\AppData\Local\Programs\MiKTeX\tex/latex/base\atbegshi-ltx.sty
Package: atbegshi-ltx 2021/01/10 v1.0c Emulation of the original atbegshi
package with kernel methods
)
\Hy@abspage=\count286
\c@Item=\count287
\c@Hfootnote=\count288
)
Package hyperref Info: Driver (autodetected): hxetex.
(C:\Users\ryan_\AppData\Local\Programs\MiKTeX\tex/latex/hyperref\hxetex.def
File: hxetex.def 2024-11-05 v7.01l Hyperref driver for XeTeX
\pdfm@box=\box53
\c@Hy@AnnotLevel=\count289
\HyField@AnnotCount=\count290
\Fld@listcount=\count291
\c@bookmark@seq@number=\count292

(C:\Users\ryan_\AppData\Local\Programs\MiKTeX\tex/latex/rerunfilecheck\rerunfil
echeck.sty
Package: rerunfilecheck 2022-07-10 v1.10 Rerun checks for auxiliary files (HO)

(C:\Users\ryan_\AppData\Local\Programs\MiKTeX\tex/latex/base\atveryend-ltx.sty
Package: atveryend-ltx 2020/08/19 v1.0a Emulation of the original atveryend pac
kage
with kernel methods
)
(C:\Users\ryan_\AppData\Local\Programs\MiKTeX\tex/generic/uniquecounter\uniquec
ounter.sty
Package: uniquecounter 2019/12/15 v1.4 Provide unlimited unique counter (HO)
)
Package uniquecounter Info: New unique counter `rerunfilecheck' on input line 2
85.
)
\Hy@SectionHShift=\skip51
)
(C:\Users\ryan_\AppData\Local\Programs\MiKTeX\tex/latex/fontspec\fontspec.sty
(C:\Users\ryan_\AppData\Local\Programs\MiKTeX\tex/latex/l3packages/xparse\xpars
e.sty
(C:\Users\ryan_\AppData\Local\Programs\MiKTeX\tex/latex/l3kernel\expl3.sty
Package: expl3 2025-04-14 L3 programming layer (loader) 

(C:\Users\ryan_\AppData\Local\Programs\MiKTeX\tex/latex/l3backend\l3backend-xet
ex.def
File: l3backend-xetex.def 2025-04-14 L3 backend support: XeTeX
\g__graphics_track_int=\count293
\g__pdfannot_backend_int=\count294
\g__pdfannot_backend_link_int=\count295
))
Package: xparse 2024-08-16 L3 Experimental document command parser
)
Package: fontspec 2024/05/11 v2.9e Font selection for XeLaTeX and LuaLaTeX

(C:\Users\ryan_\AppData\Local\Programs\MiKTeX\tex/latex/fontspec\fontspec-xetex
.sty
Package: fontspec-xetex 2024/05/11 v2.9e Font selection for XeLaTeX and LuaLaTe
X
\l__fontspec_script_int=\count296
\l__fontspec_language_int=\count297
\l__fontspec_strnum_int=\count298
\l__fontspec_tmp_int=\count299
\l__fontspec_tmpa_int=\count300
\l__fontspec_tmpb_int=\count301
\l__fontspec_tmpc_int=\count302
\l__fontspec_em_int=\count303
\l__fontspec_emdef_int=\count304
\l__fontspec_strong_int=\count305
\l__fontspec_strongdef_int=\count306
\l__fontspec_tmpa_dim=\dimen159
\l__fontspec_tmpb_dim=\dimen160
\l__fontspec_tmpc_dim=\dimen161
 (C:\Users\ryan_\AppData\Local\Programs\MiKTeX\tex/latex/base\fontenc.sty
Package: fontenc 2021/04/29 v2.0v Standard LaTeX package
)
(C:\Users\ryan_\AppData\Local\Programs\MiKTeX\tex/latex/fontspec\fontspec.cfg))
) (C:\Users\ryan_\AppData\Local\Programs\MiKTeX\tex/xelatex/xecjk\xeCJK.sty
Package: xeCJK 2022/08/05 v3.9.1 Typesetting CJK scripts with XeLaTeX

(C:\Users\ryan_\AppData\Local\Programs\MiKTeX\tex/latex/ctex\ctexhook.sty
Package: ctexhook 2022/07/14 v2.5.10 Document and package hooks (CTEX)
)
(C:\Users\ryan_\AppData\Local\Programs\MiKTeX\tex/latex/l3packages/xtemplate\xt
emplate.sty
Package: xtemplate 2024-08-16 L3 Experimental prototype document functions
)
\l__xeCJK_tmp_int=\count307
\l__xeCJK_tmp_box=\box54
\l__xeCJK_tmp_dim=\dimen162
\l__xeCJK_tmp_skip=\skip52
\g__xeCJK_space_factor_int=\count308
\l__xeCJK_begin_int=\count309
\l__xeCJK_end_int=\count310
\c__xeCJK_CJK_class_int=\XeTeXcharclass1
\c__xeCJK_FullLeft_class_int=\XeTeXcharclass2
\c__xeCJK_FullRight_class_int=\XeTeXcharclass3
\c__xeCJK_HalfLeft_class_int=\XeTeXcharclass4
\c__xeCJK_HalfRight_class_int=\XeTeXcharclass5
\c__xeCJK_NormalSpace_class_int=\XeTeXcharclass6
\c__xeCJK_CM_class_int=\XeTeXcharclass7
\c__xeCJK_HangulJamo_class_int=\XeTeXcharclass8
\l__xeCJK_last_skip=\skip53
\c__xeCJK_none_node=\count311
\g__xeCJK_node_int=\count312
\c__xeCJK_CJK_node_dim=\dimen163
\c__xeCJK_CJK-space_node_dim=\dimen164
\c__xeCJK_default_node_dim=\dimen165
\c__xeCJK_CJK-widow_node_dim=\dimen166
\c__xeCJK_normalspace_node_dim=\dimen167
\c__xeCJK_default-space_node_skip=\skip54
\l__xeCJK_ccglue_skip=\skip55
\l__xeCJK_ecglue_skip=\skip56
\l__xeCJK_punct_kern_skip=\skip57
\l__xeCJK_indent_box=\box55
\l__xeCJK_last_penalty_int=\count313
\l__xeCJK_last_bound_dim=\dimen168
\l__xeCJK_last_kern_dim=\dimen169
\l__xeCJK_widow_penalty_int=\count314

LaTeX template Info: Declaring template type 'xeCJK/punctuation' taking 0
(template)           argument(s) on line 2396.

\l__xeCJK_fixed_punct_width_dim=\dimen170
\l__xeCJK_mixed_punct_width_dim=\dimen171
\l__xeCJK_middle_punct_width_dim=\dimen172
\l__xeCJK_fixed_margin_width_dim=\dimen173
\l__xeCJK_mixed_margin_width_dim=\dimen174
\l__xeCJK_middle_margin_width_dim=\dimen175
\l__xeCJK_bound_punct_width_dim=\dimen176
\l__xeCJK_bound_margin_width_dim=\dimen177
\l__xeCJK_margin_minimum_dim=\dimen178
\l__xeCJK_kerning_total_width_dim=\dimen179
\l__xeCJK_same_align_margin_dim=\dimen180
\l__xeCJK_different_align_margin_dim=\dimen181
\l__xeCJK_kerning_margin_width_dim=\dimen182
\l__xeCJK_kerning_margin_minimum_dim=\dimen183
\l__xeCJK_bound_dim=\dimen184
\l__xeCJK_reverse_bound_dim=\dimen185
\l__xeCJK_margin_dim=\dimen186
\l__xeCJK_minimum_bound_dim=\dimen187
\l__xeCJK_kerning_margin_dim=\dimen188
\g__xeCJK_family_int=\count315
\l__xeCJK_fam_int=\count316
\g__xeCJK_fam_allocation_int=\count317
\l__xeCJK_verb_case_int=\count318
\l__xeCJK_verb_exspace_skip=\skip58

(C:\Users\ryan_\AppData\Local\Programs\MiKTeX\tex/xelatex/xecjk\xeCJK.cfg
File: xeCJK.cfg 2022/08/05 v3.9.1 Configuration file for xeCJK package
))
(C:\Users\ryan_\AppData\Local\Programs\MiKTeX\tex/latex/graphics\graphicx.sty
Package: graphicx 2021/09/16 v1.2d Enhanced LaTeX Graphics (DPC,SPQR)

(C:\Users\ryan_\AppData\Local\Programs\MiKTeX\tex/latex/graphics\graphics.sty
Package: graphics 2024/08/06 v1.4g Standard LaTeX Graphics (DPC,SPQR)

(C:\Users\ryan_\AppData\Local\Programs\MiKTeX\tex/latex/graphics\trig.sty
Package: trig 2023/12/02 v1.11 sin cos tan (DPC)
)
(C:\Users\ryan_\AppData\Local\Programs\MiKTeX\tex/latex/graphics-cfg\graphics.c
fg
File: graphics.cfg 2016/06/04 v1.11 sample graphics configuration
)
Package graphics Info: Driver file: xetex.def on input line 106.
)
\Gin@req@height=\dimen189
\Gin@req@width=\dimen190
)
(C:\Users\ryan_\AppData\Local\Programs\MiKTeX\tex/latex/caption\caption.sty
Package: caption 2023/08/05 v3.6o Customizing captions (AR)

(C:\Users\ryan_\AppData\Local\Programs\MiKTeX\tex/latex/caption\caption3.sty
Package: caption3 2023/07/31 v2.4d caption3 kernel (AR)
\caption@tempdima=\dimen191
\captionmargin=\dimen192
\caption@leftmargin=\dimen193
\caption@rightmargin=\dimen194
\caption@width=\dimen195
\caption@indent=\dimen196
\caption@parindent=\dimen197
\caption@hangindent=\dimen198
Package caption Info: Standard document class detected.
)
\c@caption@flags=\count319
\c@continuedfloat=\count320
Package caption Info: hyperref package is loaded.
)
(C:\Users\ryan_\AppData\Local\Programs\MiKTeX\tex/latex/amsmath\amsmath.sty
Package: amsmath 2024/11/05 v2.17t AMS math features
\@mathmargin=\skip59

For additional information on amsmath, use the `?' option.
(C:\Users\ryan_\AppData\Local\Programs\MiKTeX\tex/latex/amsmath\amstext.sty
Package: amstext 2021/08/26 v2.01 AMS text

(C:\Users\ryan_\AppData\Local\Programs\MiKTeX\tex/latex/amsmath\amsgen.sty
File: amsgen.sty 1999/11/30 v2.0 generic functions
\@emptytoks=\toks19
\ex@=\dimen199
))
(C:\Users\ryan_\AppData\Local\Programs\MiKTeX\tex/latex/amsmath\amsbsy.sty
Package: amsbsy 1999/11/29 v1.2d Bold Symbols
\pmbraise@=\dimen256
)
(C:\Users\ryan_\AppData\Local\Programs\MiKTeX\tex/latex/amsmath\amsopn.sty
Package: amsopn 2022/04/08 v2.04 operator names
)
\inf@bad=\count321
LaTeX Info: Redefining \frac on input line 233.
\uproot@=\count322
\leftroot@=\count323
LaTeX Info: Redefining \overline on input line 398.
LaTeX Info: Redefining \colon on input line 409.
\classnum@=\count324
\DOTSCASE@=\count325
LaTeX Info: Redefining \ldots on input line 495.
LaTeX Info: Redefining \dots on input line 498.
LaTeX Info: Redefining \cdots on input line 619.
\Mathstrutbox@=\box56
\strutbox@=\box57
LaTeX Info: Redefining \big on input line 721.
LaTeX Info: Redefining \Big on input line 722.
LaTeX Info: Redefining \bigg on input line 723.
LaTeX Info: Redefining \Bigg on input line 724.
\big@size=\dimen257
LaTeX Font Info:    Redeclaring font encoding OML on input line 742.
LaTeX Font Info:    Redeclaring font encoding OMS on input line 743.
\macc@depth=\count326
LaTeX Info: Redefining \bmod on input line 904.
LaTeX Info: Redefining \pmod on input line 909.
LaTeX Info: Redefining \smash on input line 939.
LaTeX Info: Redefining \relbar on input line 969.
LaTeX Info: Redefining \Relbar on input line 970.
\c@MaxMatrixCols=\count327
\dotsspace@=\muskip18
\c@parentequation=\count328
\dspbrk@lvl=\count329
\tag@help=\toks20
\row@=\count330
\column@=\count331
\maxfields@=\count332
\andhelp@=\toks21
\eqnshift@=\dimen258
\alignsep@=\dimen259
\tagshift@=\dimen260
\tagwidth@=\dimen261
\totwidth@=\dimen262
\lineht@=\dimen263
\@envbody=\toks22
\multlinegap=\skip60
\multlinetaggap=\skip61
\mathdisplay@stack=\toks23
LaTeX Info: Redefining \[ on input line 2953.
LaTeX Info: Redefining \] on input line 2954.
)
(C:\Users\ryan_\AppData\Local\Programs\MiKTeX\tex/latex/amsfonts\amssymb.sty
Package: amssymb 2013/01/14 v3.01 AMS font symbols

(C:\Users\ryan_\AppData\Local\Programs\MiKTeX\tex/latex/amsfonts\amsfonts.sty
Package: amsfonts 2013/01/14 v3.01 Basic AMSFonts support
\symAMSa=\mathgroup4
\symAMSb=\mathgroup5
LaTeX Font Info:    Redeclaring math symbol \hbar on input line 98.
LaTeX Font Info:    Overwriting math alphabet `\mathfrak' in version `bold'
(Font)                  U/euf/m/n --> U/euf/b/n on input line 106.
)) (C:\Users\ryan_\AppData\Local\Programs\MiKTeX\tex/latex/amscls\amsthm.sty
Package: amsthm 2020/05/29 v2.20.6
\thm@style=\toks24
\thm@bodyfont=\toks25
\thm@headfont=\toks26
\thm@notefont=\toks27
\thm@headpunct=\toks28
\thm@preskip=\skip62
\thm@postskip=\skip63
\thm@headsep=\skip64
\dth@everypar=\toks29
)
(C:\Users\ryan_\AppData\Local\Programs\MiKTeX\tex/latex/polyglossia\polyglossia
.sty
Package: polyglossia 2025/01/31 v2.4 Modern multilingual typesetting with XeLaT
eX and LuaLaTeX
\l_xpg_alias_keyvals_int=\count333

(C:\Users\ryan_\AppData\Local\Programs\MiKTeX\tex/latex/polyglossia\gloss-latex
.ldf
File: gloss-latex.ldf polyglossia: module for default language
))
(C:\Users\ryan_\AppData\Local\Programs\MiKTeX\tex/latex/polyglossia\gloss-engli
sh.ldf
File: gloss-english.ldf polyglossia: module for English
)

Package polyglossia Info: Default language is english


(C:\Users\ryan_\AppData\Local\Programs\MiKTeX\tex/latex/polyglossia\gloss-greek
.ldf
File: gloss-greek.ldf polyglossia: module for Greek

(C:\Users\ryan_\AppData\Local\Programs\MiKTeX\tex/latex/polyglossia\xgreek-fixe
s.def)
\@attic@num=\count334
)
(C:\Users\ryan_\AppData\Local\Programs\MiKTeX\tex/latex/polyglossia\gloss-hebre
w.ldf
File: gloss-hebrew.ldf polyglossia: module for Hebrew
 (C:\Users\ryan_\AppData\Local\Programs\MiKTeX\tex/xelatex/bidi\bidi.sty
Package: bidi 2025/02/02 v25.2.2 (Release Maryam Mirzakhani) Bidirectional type
setting in plain TeX and LaTeX

****************************************************
* 
* bidi package (Bidirectional typesetting in
* plain TeX and LaTeX, using XeTeX engine)
* 
* Description: A convenient interface for
* typesetting bidirectional texts in plain TeX
* and LaTeX. The package includes adaptations
* for use with many other commonly-used packages.
* 
* Copyright (c) 2007--2025 Vafa Khalighi
* Copyright (c) 2018--2020 bidi-tex GitHub organization
* 
* v25.2.2 (Release Maryam Mirzakhani), 2025/02/02
* 
* License: LaTeX Project Public License, version
* 1.3c or higher (your choice)
* 
* Location on CTAN: /macros/xetex/latex/bidi
* 
* Issue tracker: https://github.com/xepersian/bidi/issues
* 
* Discussions: https://github.com/xepersian/bidi/discussions
* 
* Primary author of bidi package: Vafa Khalighi.
* 
****************************************************
(C:\Users\ryan_\AppData\Local\Programs\MiKTeX\tex/xelatex/bidi\biditools.sty
Package: biditools 2025/02/02 v2.7 Programming tools for bidi package
\@bidi@envbody=\toks30
\@bidi@emptytoks=\toks31
\bidi@poscount=\count335
\bidi@tempcountb=\count336
\bidi@temptoksa=\toks32
\bidi@temptoksb=\toks33
\bidi@dummies=\count337
\bidi@are@these@correct=\toks34
\bidi@toks@lista=\toks35
\bidi@toks@listb=\toks36
\bidi@stack@length=\count338
\bidi@empty@stack=\toks37
\bidi@looprepeat@depth=\count339
)
(C:\Users\ryan_\AppData\Local\Programs\MiKTeX\tex/latex/zref\zref-abspage.sty
Package: zref-abspage 2023-09-14 v2.35 Module abspage for zref (HO)

(C:\Users\ryan_\AppData\Local\Programs\MiKTeX\tex/latex/zref\zref-base.sty
Package: zref-base 2023-09-14 v2.35 Module base for zref (HO)

(C:\Users\ryan_\AppData\Local\Programs\MiKTeX\tex/generic/etexcmds\etexcmds.sty
Package: etexcmds 2019/12/15 v1.7 Avoid name clashes with e-TeX commands (HO)
) (C:\Users\ryan_\AppData\Local\Programs\MiKTeX\tex/latex/auxhook\auxhook.sty
Package: auxhook 2019-12-17 v1.6 Hooks for auxiliary files (HO)
)
Package zref Info: New property list: main on input line 767.
Package zref Info: New property: default on input line 768.
Package zref Info: New property: page on input line 769.
)
\c@abspage=\count340
Package zref Info: New property: abspage on input line 67.
)
\@bidi@copyins@=\insert252
\bidi@typesethour=\count341
\bidi@typesetminute=\count342

(C:\Users\ryan_\AppData\Local\Programs\MiKTeX\tex/xelatex/bidi\latex-xetex-bidi
.def
File: latex-xetex-bidi.def 2025/01/03 v1.5.2 bidi adaptations for `latex.ltx' f
or XeTeX engine
\bidi@n@everypar=\toks38
LaTeX Info: Redefining \centerline on input line 316.
LaTeX Info: Redefining \leftline on input line 325.
LaTeX Info: Redefining \rightline on input line 326.
LaTeX Info: Redefining \underline on input line 334.
\bidi@column@check@number=\count343

(C:\Users\ryan_\AppData\Local\Programs\MiKTeX\tex/xelatex/bidi\footnote-xetex-b
idi.def
File: footnote-xetex-bidi.def 2024/12/14 v1.3 bidi footnote macros for XeTeX en
gine
\c@footdir@label=\count344
\footdir@toks=\toks39
)
(C:\Users\ryan_\AppData\Local\Programs\MiKTeX\tex/xelatex/bidi\article-xetex-bi
di.def
File: article-xetex-bidi.def 2025/01/05 v0.9 bidi adaptations for standard arti
cle class for XeTeX engine
)
(C:\Users\ryan_\AppData\Local\Programs\MiKTeX\tex/xelatex/bidi\amsmath-xetex-bi
di.def
File: amsmath-xetex-bidi.def 2020/05/16 v1.2 bidi adaptations for amsmath packa
ge for XeTeX engine
)
(C:\Users\ryan_\AppData\Local\Programs\MiKTeX\tex/xelatex/bidi\amstext-xetex-bi
di.def
File: amstext-xetex-bidi.def 2016/09/12 v0.2 bidi adaptations for amstext packa
ge for XeTeX engine
)
(C:\Users\ryan_\AppData\Local\Programs\MiKTeX\tex/xelatex/bidi\amsthm-xetex-bid
i.def
File: amsthm-xetex-bidi.def 2010/07/25 v0.1 bidi adaptations for amsthm package
 for XeTeX engine
)
(C:\Users\ryan_\AppData\Local\Programs\MiKTeX\tex/xelatex/bidi\caption-xetex-bi
di.def
File: caption-xetex-bidi.def 2010/07/25 v0.1 bidi adaptations for caption packa
ge for XeTeX engine
)
(C:\Users\ryan_\AppData\Local\Programs\MiKTeX\tex/xelatex/bidi\caption3-xetex-b
idi.def
File: caption3-xetex-bidi.def 2013/04/01 v0.1 bidi adaptations for caption3 pac
kage for XeTeX engine
)
(C:\Users\ryan_\AppData\Local\Programs\MiKTeX\tex/xelatex/bidi\color-xetex-bidi
.def
File: color-xetex-bidi.def 2013/04/08 v0.2 bidi adaptations for color package f
or XeTeX engine
LaTeX Info: Redefining \color on input line 49.
)
(C:\Users\ryan_\AppData\Local\Programs\MiKTeX\tex/xelatex/bidi\geometry-xetex-b
idi.def
File: geometry-xetex-bidi.def 2017/01/14 v0.2 bidi adaptations for geometry pac
kage for XeTeX engine
)
(C:\Users\ryan_\AppData\Local\Programs\MiKTeX\tex/xelatex/bidi\graphicx-xetex-b
idi.def
File: graphicx-xetex-bidi.def 2017/06/17 v0.5 bidi adaptations for graphicx pac
kage for XeTeX engine
)
(C:\Users\ryan_\AppData\Local\Programs\MiKTeX\tex/xelatex/bidi\hyperref-xetex-b
idi.def
File: hyperref-xetex-bidi.def 2025/01/05 v1.4 bidi adaptations for hyperref pac
kage for XeTeX engine
)
(C:\Users\ryan_\AppData\Local\Programs\MiKTeX\tex/xelatex/bidi\xcolor-xetex-bid
i.def
File: xcolor-xetex-bidi.def 2022/06/13 v0.3 bidi adaptations for xcolor package
 for XeTeX engine
LaTeX Info: Redefining \color on input line 48.
LaTeX Info: Redefining \bidicolor on input line 91.
))
\bidi@digits=\count345
\bidi@digits@charclass=\XeTeXcharclass9
\bidi@sepmark@charclass=\XeTeXcharclass10
)
(C:\Users\ryan_\AppData\Local\Programs\MiKTeX\tex/latex/polyglossia\hebrewcal.s
ty
Package: hebrewcal 2022/07/18 v2.8 Hebrew calendar for polyglossia (adapted fro
m hebcal.sty in Babel)

(C:\Users\ryan_\AppData\Local\Programs\MiKTeX\tex/latex/polyglossia\cal-util.de
f
\c@tmpA=\count346
\c@tmpB=\count347
\c@tmpC=\count348
\c@tmpD=\count349
\c@tmpE=\count350
\c@tmpF=\count351
)
\hebrewday=\count352
\hebrewmonth=\count353
\hebrewyear=\count354
\@common=\count355
)
(C:\Users\ryan_\AppData\Local\Programs\MiKTeX\tex/latex/polyglossia\babel-hebre
walph.def
File: babel-hebrewalph.def 2023/06/01 Expandable definitions for Hebrew numeral
s
))
(C:\Users\ryan_\AppData\Local\Programs\MiKTeX\tex/latex/polyglossia\gloss-chine
se.ldf
File: gloss-chinese.ldf polyglossia: module for Chinese
\c@TempJNum=\count356
\xpg@orig@XeTeXlinebreakskip=\skip65
)

Package fontspec Info: 
(fontspec)             Could not resolve font "Ezra SIL/BI" (it probably
(fontspec)             doesn't exist).


Package fontspec Info: 
(fontspec)             Could not resolve font "Ezra SIL/B" (it probably
(fontspec)             doesn't exist).


Package fontspec Info: 
(fontspec)             Could not resolve font "Ezra SIL/I" (it probably
(fontspec)             doesn't exist).


Package fontspec Info: 
(fontspec)             Font family 'EzraSIL(0)' created for font 'Ezra SIL'
(fontspec)             with options [].
(fontspec)              
(fontspec)              This font family consists of the following NFSS
(fontspec)             series/shapes:
(fontspec)              
(fontspec)             - 'normal' (m/n) with NFSS spec.: <->"Ezra
(fontspec)             SIL/OT:language=dflt;"



! Package fontspec Error: 
(fontspec)                The font "Noto Serif CJK SC-Regular" cannot be
(fontspec)                found; this may be but usually is not a fontspec
(fontspec)                bug. Either there is a typo in the font name/file,
(fontspec)                the font is not installed (correctly), or there is
(fontspec)                a bug in the underlying font loading engine
(fontspec)                (XeTeX/luaotfload).

For immediate help type H <return>.
 ...                                              
                                                  
l.35 ]{Noto Serif CJK SC}
                         

A font might not be found for many reasons.
 Check the spelling, where the font is installed etc. etc.

 When in doubt, ask someone for help!



Package fontspec Info: 
(fontspec)             Script 'CJK' not explicitly supported within font 'Noto
(fontspec)             Serif CJK SC-Regular'. Check the typeset output, and if
(fontspec)             it is okay then ignore this warning. Otherwise a
(fontspec)             different font should be chosen.


! Package fontspec Error: 
(fontspec)                The font "Noto Serif CJK SC-Regular" cannot be
(fontspec)                found; this may be but usually is not a fontspec
(fontspec)                bug. Either there is a typo in the font name/file,
(fontspec)                the font is not installed (correctly), or there is
(fontspec)                a bug in the underlying font loading engine
(fontspec)                (XeTeX/luaotfload).

For immediate help type H <return>.
 ...                                              
                                                  
l.35 ]{Noto Serif CJK SC}
                         

A font might not be found for many reasons.
 Check the spelling, where the font is installed etc. etc.

 When in doubt, ask someone for help!



! Package fontspec Error: 
(fontspec)                The font "Noto Serif CJK SC-Regular" cannot be
(fontspec)                found; this may be but usually is not a fontspec
(fontspec)                bug. Either there is a typo in the font name/file,
(fontspec)                the font is not installed (correctly), or there is
(fontspec)                a bug in the underlying font loading engine
(fontspec)                (XeTeX/luaotfload).

For immediate help type H <return>.
 ...                                              
                                                  
l.35 ]{Noto Serif CJK SC}
                         

A font might not be found for many reasons.
 Check the spelling, where the font is installed etc. etc.

 When in doubt, ask someone for help!



! Package fontspec Error: 
(fontspec)                The font "Noto Serif CJK SC-Bold" cannot be found;
(fontspec)                this may be but usually is not a fontspec bug.
(fontspec)                Either there is a typo in the font name/file, the
(fontspec)                font is not installed (correctly), or there is a
(fontspec)                bug in the underlying font loading engine
(fontspec)                (XeTeX/luaotfload).

For immediate help type H <return>.
 ...                                              
                                                  
l.35 ]{Noto Serif CJK SC}
                         

A font might not be found for many reasons.
 Check the spelling, where the font is installed etc. etc.

 When in doubt, ask someone for help!



! Package fontspec Error: 
(fontspec)                The font "Noto Serif CJK SC-Bold" cannot be found;
(fontspec)                this may be but usually is not a fontspec bug.
(fontspec)                Either there is a typo in the font name/file, the
(fontspec)                font is not installed (correctly), or there is a
(fontspec)                bug in the underlying font loading engine
(fontspec)                (XeTeX/luaotfload).

For immediate help type H <return>.
 ...                                              
                                                  
l.35 ]{Noto Serif CJK SC}
                         

A font might not be found for many reasons.
 Check the spelling, where the font is installed etc. etc.

 When in doubt, ask someone for help!



! Package fontspec Error: 
(fontspec)                The font "Noto Serif CJK SC-Regular" cannot be
(fontspec)                found; this may be but usually is not a fontspec
(fontspec)                bug. Either there is a typo in the font name/file,
(fontspec)                the font is not installed (correctly), or there is
(fontspec)                a bug in the underlying font loading engine
(fontspec)                (XeTeX/luaotfload).

For immediate help type H <return>.
 ...                                              
                                                  
l.35 ]{Noto Serif CJK SC}
                         

A font might not be found for many reasons.
 Check the spelling, where the font is installed etc. etc.

 When in doubt, ask someone for help!



! Package fontspec Error: 
(fontspec)                The font "Noto Serif CJK SC-Regular" cannot be
(fontspec)                found; this may be but usually is not a fontspec
(fontspec)                bug. Either there is a typo in the font name/file,
(fontspec)                the font is not installed (correctly), or there is
(fontspec)                a bug in the underlying font loading engine
(fontspec)                (XeTeX/luaotfload).

For immediate help type H <return>.
 ...                                              
                                                  
l.35 ]{Noto Serif CJK SC}
                         

A font might not be found for many reasons.
 Check the spelling, where the font is installed etc. etc.

 When in doubt, ask someone for help!



! Package fontspec Error: 
(fontspec)                The font "Noto Serif CJK SC-Bold" cannot be found;
(fontspec)                this may be but usually is not a fontspec bug.
(fontspec)                Either there is a typo in the font name/file, the
(fontspec)                font is not installed (correctly), or there is a
(fontspec)                bug in the underlying font loading engine
(fontspec)                (XeTeX/luaotfload).

For immediate help type H <return>.
 ...                                              
                                                  
l.35 ]{Noto Serif CJK SC}
                         

A font might not be found for many reasons.
 Check the spelling, where the font is installed etc. etc.

 When in doubt, ask someone for help!



! Package fontspec Error: 
(fontspec)                The font "Noto Serif CJK SC-Bold" cannot be found;
(fontspec)                this may be but usually is not a fontspec bug.
(fontspec)                Either there is a typo in the font name/file, the
(fontspec)                font is not installed (correctly), or there is a
(fontspec)                bug in the underlying font loading engine
(fontspec)                (XeTeX/luaotfload).

For immediate help type H <return>.
 ...                                              
                                                  
l.35 ]{Noto Serif CJK SC}
                         

A font might not be found for many reasons.
 Check the spelling, where the font is installed etc. etc.

 When in doubt, ask someone for help!



Package fontspec Info: 
(fontspec)             Font family 'NotoSerifCJKSC(0)' created for font 'Noto
(fontspec)             Serif CJK SC' with options
(fontspec)             [Script={CJK},UprightFont={*-Regular},BoldItalicFont={*-
Bold},BoldFont={*-Bold},ItalicFont={*-Regular}].
(fontspec)              
(fontspec)              This font family consists of the following NFSS
(fontspec)             series/shapes:
(fontspec)              
(fontspec)             - 'normal' (m/n) with NFSS spec.: <->"Noto Serif CJK
(fontspec)             SC-Regular/OT"
(fontspec)             - 'small caps'  (m/sc) with NFSS spec.: <->"Noto Serif
(fontspec)             CJK SC-Regular/OT"
(fontspec)             - 'bold' (b/n) with NFSS spec.: <->"Noto Serif CJK
(fontspec)             SC-Bold/OT"
(fontspec)             - 'bold small caps'  (b/sc) with NFSS spec.: <->"Noto
(fontspec)             Serif CJK SC-Bold/OT"
(fontspec)             - 'italic' (m/it) with NFSS spec.: <->"Noto Serif CJK
(fontspec)             SC-Regular/OT"
(fontspec)             - 'italic small caps'  (m/scit) with NFSS spec.:
(fontspec)             <->"Noto Serif CJK SC-Regular/OT"
(fontspec)             - 'bold italic' (b/it) with NFSS spec.: <->"Noto Serif
(fontspec)             CJK SC-Bold/OT"
(fontspec)             - 'bold italic small caps'  (b/scit) with NFSS spec.:
(fontspec)             <->"Noto Serif CJK SC-Bold/OT"


Package fontspec Info: 
(fontspec)             Font family 'LibertinusSerif(0)' created for font
(fontspec)             'Libertinus Serif' with options [Script=Greek].
(fontspec)              
(fontspec)              This font family consists of the following NFSS
(fontspec)             series/shapes:
(fontspec)              
(fontspec)             - 'normal' (m/n) with NFSS spec.: <->"Libertinus
(fontspec)             Serif/OT:script=grek;language=dflt;"
(fontspec)             - 'small caps'  (m/sc) with NFSS spec.: <->"Libertinus
(fontspec)             Serif/OT:script=grek;language=dflt;+smcp;"
(fontspec)             - 'bold' (b/n) with NFSS spec.: <->"Libertinus
(fontspec)             Serif/B/OT:script=grek;language=dflt;"
(fontspec)             - 'bold small caps'  (b/sc) with NFSS spec.:
(fontspec)             <->"Libertinus
(fontspec)             Serif/B/OT:script=grek;language=dflt;+smcp;"
(fontspec)             - 'italic' (m/it) with NFSS spec.: <->"Libertinus
(fontspec)             Serif/I/OT:script=grek;language=dflt;"
(fontspec)             - 'italic small caps'  (m/scit) with NFSS spec.:
(fontspec)             <->"Libertinus
(fontspec)             Serif/I/OT:script=grek;language=dflt;+smcp;"
(fontspec)             - 'bold italic' (b/it) with NFSS spec.: <->"Libertinus
(fontspec)             Serif/BI/OT:script=grek;language=dflt;"
(fontspec)             - 'bold italic small caps'  (b/scit) with NFSS spec.:
(fontspec)             <->"Libertinus
(fontspec)             Serif/BI/OT:script=grek;language=dflt;+smcp;"


Package fontspec Info: 
(fontspec)             Font family 'LibertinusSerif(1)' created for font
(fontspec)             'Libertinus Serif' with options [Ligatures=TeX].
(fontspec)              
(fontspec)              This font family consists of the following NFSS
(fontspec)             series/shapes:
(fontspec)              
(fontspec)             - 'normal' (m/n) with NFSS spec.: <->"Libertinus
(fontspec)             Serif/OT:script=latn;language=dflt;mapping=tex-text;"
(fontspec)             - 'small caps'  (m/sc) with NFSS spec.: <->"Libertinus
(fontspec)             Serif/OT:script=latn;language=dflt;+smcp;mapping=tex-tex
t;"
(fontspec)             - 'bold' (b/n) with NFSS spec.: <->"Libertinus
(fontspec)             Serif/B/OT:script=latn;language=dflt;mapping=tex-text;"
(fontspec)             - 'bold small caps'  (b/sc) with NFSS spec.:
(fontspec)             <->"Libertinus
(fontspec)             Serif/B/OT:script=latn;language=dflt;+smcp;mapping=tex-t
ext;"
(fontspec)             - 'italic' (m/it) with NFSS spec.: <->"Libertinus
(fontspec)             Serif/I/OT:script=latn;language=dflt;mapping=tex-text;"
(fontspec)             - 'italic small caps'  (m/scit) with NFSS spec.:
(fontspec)             <->"Libertinus
(fontspec)             Serif/I/OT:script=latn;language=dflt;+smcp;mapping=tex-t
ext;"
(fontspec)             - 'bold italic' (b/it) with NFSS spec.: <->"Libertinus
(fontspec)             Serif/BI/OT:script=latn;language=dflt;mapping=tex-text;"

(fontspec)             - 'bold italic small caps'  (b/scit) with NFSS spec.:
(fontspec)             <->"Libertinus
(fontspec)             Serif/BI/OT:script=latn;language=dflt;+smcp;mapping=tex-
text;"

(C:\Users\ryan_\AppData\Local\Programs\MiKTeX\tex/latex/enumitem\enumitem.sty
Package: enumitem 2025/02/06 v3.11 Customized lists
\labelindent=\skip66
\enit@outerparindent=\dimen264
\enit@toks=\toks40
\enit@inbox=\box58
\enit@count@id=\count357
\enitdp@description=\count358
)
\c@concept=\count359

(C:\Users\ryan_\AppData\Local\Programs\MiKTeX\tex/latex/biblatex\biblatex.sty
Package: biblatex 2024/03/21 v3.20 programmable bibliographies (PK/MW)

(C:\Users\ryan_\AppData\Local\Programs\MiKTeX\tex/latex/logreq\logreq.sty
Package: logreq 2010/08/04 v1.0 xml request logger
\lrq@indent=\count360

(C:\Users\ryan_\AppData\Local\Programs\MiKTeX\tex/latex/logreq\logreq.def
File: logreq.def 2010/08/04 v1.0 logreq spec v1.0
))
(C:\Users\ryan_\AppData\Local\Programs\MiKTeX\tex/latex/base\ifthen.sty
Package: ifthen 2024/03/16 v1.1e Standard LaTeX ifthen package (DPC)
)
\c@tabx@nest=\count361
\c@listtotal=\count362
\c@listcount=\count363
\c@liststart=\count364
\c@liststop=\count365
\c@citecount=\count366
\c@citetotal=\count367
\c@multicitecount=\count368
\c@multicitetotal=\count369
\c@instcount=\count370
\c@maxnames=\count371
\c@minnames=\count372
\c@maxitems=\count373
\c@minitems=\count374
\c@citecounter=\count375
\c@maxcitecounter=\count376
\c@savedcitecounter=\count377
\c@uniquelist=\count378
\c@uniquename=\count379
\c@refsection=\count380
\c@refsegment=\count381
\c@maxextratitle=\count382
\c@maxextratitleyear=\count383
\c@maxextraname=\count384
\c@maxextradate=\count385
\c@maxextraalpha=\count386
\c@abbrvpenalty=\count387
\c@highnamepenalty=\count388
\c@lownamepenalty=\count389
\c@maxparens=\count390
\c@parenlevel=\count391
\blx@tempcnta=\count392
\blx@tempcntb=\count393
\blx@tempcntc=\count394
\c@blx@maxsection=\count395
\blx@maxsegment@0=\count396
\blx@notetype=\count397
\blx@parenlevel@text=\count398
\blx@parenlevel@foot=\count399
\blx@sectionciteorder@0=\count400
\blx@sectionciteorderinternal@0=\count401
\blx@entrysetcounter=\count402
\blx@biblioinstance=\count403
\labelnumberwidth=\skip67
\labelalphawidth=\skip68
\biblabelsep=\skip69
\bibitemsep=\skip70
\bibnamesep=\skip71
\bibinitsep=\skip72
\bibparsep=\skip73
\bibhang=\skip74
\blx@bcfin=\read2
\blx@bcfout=\write3
\blx@langwohyphens=\language79
\c@mincomprange=\count404
\c@maxcomprange=\count405
\c@mincompwidth=\count406
Package biblatex Info: Trying to load biblatex default data model...
Package biblatex Info: ... file 'blx-dm.def' found.

(C:\Users\ryan_\AppData\Local\Programs\MiKTeX\tex/latex/biblatex\blx-dm.def
File: blx-dm.def 2024/03/21 v3.20 biblatex datamodel (PK/MW)
)
Package biblatex Info: Trying to load biblatex custom data model...
Package biblatex Info: ... file 'biblatex-dm.cfg' not found.
\c@afterword=\count407
\c@savedafterword=\count408
\c@annotator=\count409
\c@savedannotator=\count410
\c@author=\count411
\c@savedauthor=\count412
\c@bookauthor=\count413
\c@savedbookauthor=\count414
\c@commentator=\count415
\c@savedcommentator=\count416
\c@editor=\count417
\c@savededitor=\count418
\c@editora=\count419
\c@savededitora=\count420
\c@editorb=\count421
\c@savededitorb=\count422
\c@editorc=\count423
\c@savededitorc=\count424
\c@foreword=\count425
\c@savedforeword=\count426
\c@holder=\count427
\c@savedholder=\count428
\c@introduction=\count429
\c@savedintroduction=\count430
\c@namea=\count431
\c@savednamea=\count432
\c@nameb=\count433
\c@savednameb=\count434
\c@namec=\count435
\c@savednamec=\count436
\c@translator=\count437
\c@savedtranslator=\count438
\c@shortauthor=\count439
\c@savedshortauthor=\count440
\c@shorteditor=\count441
\c@savedshorteditor=\count442
\c@labelname=\count443
\c@savedlabelname=\count444
\c@institution=\count445
\c@savedinstitution=\count446
\c@lista=\count447
\c@savedlista=\count448
\c@listb=\count449
\c@savedlistb=\count450
\c@listc=\count451
\c@savedlistc=\count452
\c@listd=\count453
\c@savedlistd=\count454
\c@liste=\count455
\c@savedliste=\count456
\c@listf=\count457
\c@savedlistf=\count458
\c@location=\count459
\c@savedlocation=\count460
\c@organization=\count461
\c@savedorganization=\count462
\c@origlocation=\count463
\c@savedoriglocation=\count464
\c@origpublisher=\count465
\c@savedorigpublisher=\count466
\c@publisher=\count467
\c@savedpublisher=\count468
\c@language=\count469
\c@savedlanguage=\count470
\c@origlanguage=\count471
\c@savedoriglanguage=\count472
\c@pageref=\count473
\c@savedpageref=\count474
\shorthandwidth=\skip75
\shortjournalwidth=\skip76
\shortserieswidth=\skip77
\shorttitlewidth=\skip78
\shortauthorwidth=\skip79
\shorteditorwidth=\skip80
\locallabelnumberwidth=\skip81
\locallabelalphawidth=\skip82
\localshorthandwidth=\skip83
\localshortjournalwidth=\skip84
\localshortserieswidth=\skip85
\localshorttitlewidth=\skip86
\localshortauthorwidth=\skip87
\localshorteditorwidth=\skip88
Package biblatex Info: Trying to load enhanced support for Unicode engines...
Package biblatex Info: ... file 'blx-unicode.def' found.

(C:\Users\ryan_\AppData\Local\Programs\MiKTeX\tex/latex/biblatex\blx-unicode.de
f)
Package biblatex Info: Trying to load compatibility code...
Package biblatex Info: ... file 'blx-compat.def' found.

(C:\Users\ryan_\AppData\Local\Programs\MiKTeX\tex/latex/biblatex\blx-compat.def
File: blx-compat.def 2024/03/21 v3.20 biblatex compatibility (PK/MW)
)
Package biblatex Info: Trying to load generic definitions...
Package biblatex Info: ... file 'biblatex.def' found.
 (C:\Users\ryan_\AppData\Local\Programs\MiKTeX\tex/latex/biblatex\biblatex.def
File: biblatex.def 2024/03/21 v3.20 biblatex compatibility (PK/MW)
\c@textcitecount=\count475
\c@textcitetotal=\count476
\c@textcitemaxnames=\count477
\c@biburlbigbreakpenalty=\count478
\c@biburlbreakpenalty=\count479
\c@biburlnumpenalty=\count480
\c@biburlucpenalty=\count481
\c@biburllcpenalty=\count482
\biburlbigskip=\muskip19
\biburlnumskip=\muskip20
\biburlucskip=\muskip21
\biburllcskip=\muskip22
\c@smartand=\count483
)
Package biblatex Info: Trying to load bibliography style 'numeric'...
Package biblatex Info: ... file 'numeric.bbx' found.

(C:\Users\ryan_\AppData\Local\Programs\MiKTeX\tex/latex/biblatex/bbx\numeric.bb
x
File: numeric.bbx 2024/03/21 v3.20 biblatex bibliography style (PK/MW)
Package biblatex Info: Trying to load bibliography style 'standard'...
Package biblatex Info: ... file 'standard.bbx' found.

(C:\Users\ryan_\AppData\Local\Programs\MiKTeX\tex/latex/biblatex/bbx\standard.b
bx
File: standard.bbx 2024/03/21 v3.20 biblatex bibliography style (PK/MW)
\c@bbx:relatedcount=\count484
\c@bbx:relatedtotal=\count485
))
Package biblatex Info: Trying to load citation style 'numeric'...
Package biblatex Info: ... file 'numeric.cbx' found.

(C:\Users\ryan_\AppData\Local\Programs\MiKTeX\tex/latex/biblatex/cbx\numeric.cb
x
File: numeric.cbx 2024/03/21 v3.20 biblatex citation style (PK/MW)
Package biblatex Info: Redefining '\cite'.
Package biblatex Info: Redefining '\parencite'.
Package biblatex Info: Redefining '\footcite'.
Package biblatex Info: Redefining '\footcitetext'.
Package biblatex Info: Redefining '\smartcite'.
Package biblatex Info: Redefining '\supercite'.
Package biblatex Info: Redefining '\textcite'.
Package biblatex Info: Redefining '\textcites'.
Package biblatex Info: Redefining '\cites'.
Package biblatex Info: Redefining '\parencites'.
Package biblatex Info: Redefining '\smartcites'.
)
Package biblatex Info: Trying to load configuration file...
Package biblatex Info: ... file 'biblatex.cfg' found.

(C:\Users\ryan_\AppData\Local\Programs\MiKTeX\tex/latex/biblatex\biblatex.cfg
File: biblatex.cfg 
)
Package biblatex Info: XeTeX detected.
(biblatex)             Assuming input encoding 'utf8'.
Package biblatex Info: Document encoding is UTF8 ....
Package biblatex Info: ... and expl3
(biblatex)             2025-04-14 L3 programming layer (loader) 
(biblatex)             is new enough (at least 2020/04/06),
(biblatex)             setting 'casechanger=expl3'.

(C:\Users\ryan_\AppData\Local\Programs\MiKTeX\tex/latex/biblatex\blx-case-expl3
.sty
Package: blx-case-expl3 2024/03/21 v3.20 expl3 case changing code for biblatex
))
\@quotelevel=\count486
\@quotereset=\count487
 (framework.aux)
\openout1 = `framework.aux'.

LaTeX Font Info:    Checking defaults for OML/cmm/m/it on input line 75.
LaTeX Font Info:    ... okay on input line 75.
LaTeX Font Info:    Checking defaults for OMS/cmsy/m/n on input line 75.
LaTeX Font Info:    ... okay on input line 75.
LaTeX Font Info:    Checking defaults for OT1/cmr/m/n on input line 75.
LaTeX Font Info:    ... okay on input line 75.
LaTeX Font Info:    Checking defaults for T1/cmr/m/n on input line 75.
LaTeX Font Info:    ... okay on input line 75.
LaTeX Font Info:    Checking defaults for TS1/cmr/m/n on input line 75.
LaTeX Font Info:    ... okay on input line 75.
LaTeX Font Info:    Checking defaults for TU/lmr/m/n on input line 75.
LaTeX Font Info:    ... okay on input line 75.
LaTeX Font Info:    Checking defaults for OMX/cmex/m/n on input line 75.
LaTeX Font Info:    ... okay on input line 75.
LaTeX Font Info:    Checking defaults for U/cmr/m/n on input line 75.
LaTeX Font Info:    ... okay on input line 75.
LaTeX Font Info:    Checking defaults for PD1/pdf/m/n on input line 75.
LaTeX Font Info:    ... okay on input line 75.
LaTeX Font Info:    Checking defaults for PU/pdf/m/n on input line 75.
LaTeX Font Info:    ... okay on input line 75.

*geometry* driver: auto-detecting
*geometry* detected driver: xetex
*geometry* verbose mode - [ preamble ] result:
* driver: xetex
* paper: <default>
* layout: <same size as paper>
* layoutoffset:(h,v)=(0.0pt,0.0pt)
* modes: 
* h-part:(L,W,R)=(72.26999pt, 469.75502pt, 72.26999pt)
* v-part:(T,H,B)=(72.26999pt, 650.43001pt, 72.26999pt)
* \paperwidth=614.295pt
* \paperheight=794.96999pt
* \textwidth=469.75502pt
* \textheight=650.43001pt
* \oddsidemargin=0.0pt
* \evensidemargin=0.0pt
* \topmargin=-37.0pt
* \headheight=12.0pt
* \headsep=25.0pt
* \topskip=11.0pt
* \footskip=30.0pt
* \marginparwidth=59.0pt
* \marginparsep=10.0pt
* \columnsep=10.0pt
* \skip\footins=10.0pt plus 4.0pt minus 2.0pt
* \hoffset=0.0pt
* \voffset=0.0pt
* \mag=1000
* \@twocolumnfalse
* \@twosidefalse
* \@mparswitchfalse
* \@reversemarginfalse
* (1in=72.27pt=25.4mm, 1cm=28.453pt)

Package hyperref Info: Link coloring ON on input line 75.
\@outlinefile=\write4
\openout4 = `framework.out'.


Package hyperref Warning: Rerun to get /PageLabels entry.


Package fontspec Info: 
(fontspec)             Adjusting the maths setup (use [no-math] to avoid
(fontspec)             this).

\symlegacymaths=\mathgroup6
LaTeX Font Info:    Overwriting symbol font `legacymaths' in version `bold'
(Font)                  OT1/cmr/m/n --> OT1/cmr/bx/n on input line 75.
LaTeX Font Info:    Redeclaring math accent \acute on input line 75.
LaTeX Font Info:    Redeclaring math accent \grave on input line 75.
LaTeX Font Info:    Redeclaring math accent \ddot on input line 75.
LaTeX Font Info:    Redeclaring math accent \tilde on input line 75.
LaTeX Font Info:    Redeclaring math accent \bar on input line 75.
LaTeX Font Info:    Redeclaring math accent \breve on input line 75.
LaTeX Font Info:    Redeclaring math accent \check on input line 75.
LaTeX Font Info:    Redeclaring math accent \hat on input line 75.
LaTeX Font Info:    Redeclaring math accent \dot on input line 75.
LaTeX Font Info:    Redeclaring math accent \mathring on input line 75.
LaTeX Font Info:    Redeclaring math symbol \Gamma on input line 75.
LaTeX Font Info:    Redeclaring math symbol \Delta on input line 75.
LaTeX Font Info:    Redeclaring math symbol \Theta on input line 75.
LaTeX Font Info:    Redeclaring math symbol \Lambda on input line 75.
LaTeX Font Info:    Redeclaring math symbol \Xi on input line 75.
LaTeX Font Info:    Redeclaring math symbol \Pi on input line 75.
LaTeX Font Info:    Redeclaring math symbol \Sigma on input line 75.
LaTeX Font Info:    Redeclaring math symbol \Upsilon on input line 75.
LaTeX Font Info:    Redeclaring math symbol \Phi on input line 75.
LaTeX Font Info:    Redeclaring math symbol \Psi on input line 75.
LaTeX Font Info:    Redeclaring math symbol \Omega on input line 75.
LaTeX Font Info:    Redeclaring math symbol \mathdollar on input line 75.
LaTeX Font Info:    Redeclaring symbol font `operators' on input line 75.
LaTeX Font Info:    Encoding `OT1' has changed to `TU' for symbol font
(Font)              `operators' in the math version `normal' on input line 75.
LaTeX Font Info:    Overwriting symbol font `operators' in version `normal'
(Font)                  OT1/cmr/m/n --> TU/LibertinusSerif(1)/m/n on input line
 75.
LaTeX Font Info:    Encoding `OT1' has changed to `TU' for symbol font
(Font)              `operators' in the math version `bold' on input line 75.
LaTeX Font Info:    Overwriting symbol font `operators' in version `bold'
(Font)                  OT1/cmr/bx/n --> TU/LibertinusSerif(1)/m/n on input lin
e 75.
LaTeX Font Info:    Overwriting symbol font `operators' in version `normal'
(Font)                  TU/LibertinusSerif(1)/m/n --> TU/LibertinusSerif(1)/m/n
 on input line 75.
LaTeX Font Info:    Overwriting math alphabet `\mathit' in version `normal'
(Font)                  OT1/cmr/m/it --> TU/LibertinusSerif(1)/m/it on input li
ne 75.
LaTeX Font Info:    Overwriting math alphabet `\mathbf' in version `normal'
(Font)                  OT1/cmr/bx/n --> TU/LibertinusSerif(1)/b/n on input lin
e 75.
LaTeX Font Info:    Overwriting math alphabet `\mathsf' in version `normal'
(Font)                  OT1/cmss/m/n --> TU/lmss/m/n on input line 75.
LaTeX Font Info:    Overwriting math alphabet `\mathtt' in version `normal'
(Font)                  OT1/cmtt/m/n --> TU/lmtt/m/n on input line 75.
LaTeX Font Info:    Overwriting symbol font `operators' in version `bold'
(Font)                  TU/LibertinusSerif(1)/m/n --> TU/LibertinusSerif(1)/b/n
 on input line 75.
LaTeX Font Info:    Overwriting math alphabet `\mathit' in version `bold'
(Font)                  OT1/cmr/bx/it --> TU/LibertinusSerif(1)/b/it on input l
ine 75.
LaTeX Font Info:    Overwriting math alphabet `\mathsf' in version `bold'
(Font)                  OT1/cmss/bx/n --> TU/lmss/b/n on input line 75.
LaTeX Font Info:    Overwriting math alphabet `\mathtt' in version `bold'
(Font)                  OT1/cmtt/m/n --> TU/lmtt/b/n on input line 75.
Package caption Info: Begin \AtBeginDocument code.
Package caption Info: End \AtBeginDocument code.
Package biblatex Info: Trying to load language 'greek'...
Package biblatex Info: ... file 'greek.lbx' found.
(C:\Users\ryan_\AppData\Local\Programs\MiKTeX\tex/latex/biblatex/lbx\greek.lbx
File: greek.lbx 2024/03/21 v3.20 biblatex localization (PK/MW)
)
Package biblatex Info: Trying to load language 'hebrew' -> 'english'...
Package biblatex Info: ... file 'english.lbx' found.

(C:\Users\ryan_\AppData\Local\Programs\MiKTeX\tex/latex/biblatex/lbx\english.lb
x
File: english.lbx 2024/03/21 v3.20 biblatex localization (PK/MW)
)
Package biblatex Info: Trying to load language 'american'...
Package biblatex Info: ... file 'american.lbx' found.

(C:\Users\ryan_\AppData\Local\Programs\MiKTeX\tex/latex/biblatex/lbx\american.l
bx
File: american.lbx 2024/03/21 v3.20 biblatex localization (PK/MW)
Package biblatex Info: Trying to load language 'english'...
Package biblatex Info: ... file 'english.lbx' found.

(C:\Users\ryan_\AppData\Local\Programs\MiKTeX\tex/latex/biblatex/lbx\english.lb
x
File: english.lbx 2024/03/21 v3.20 biblatex localization (PK/MW)
)
Package biblatex Info: Trying to load language 'english'...
Package biblatex Info: ... file 'english.lbx' found.

(C:\Users\ryan_\AppData\Local\Programs\MiKTeX\tex/latex/biblatex/lbx\english.lb
x
File: english.lbx 2024/03/21 v3.20 biblatex localization (PK/MW)
))
Package biblatex Info: XeTeX detected.
(biblatex)             Assuming input encoding 'utf8'.
Package biblatex Info: Automatic encoding selection.
(biblatex)             Assuming data encoding 'utf8'.
\openout3 = `framework.bcf'.

Package biblatex Info: Trying to load bibliographic data...
Package biblatex Info: ... file 'framework.bbl' not found.

No file framework.bbl.
Package biblatex Info: Reference section=0 on input line 75.
Package biblatex Info: Reference segment=0 on input line 75.
LaTeX Font Info:    Trying to load font information for U+msa on input line 79.

(C:\Users\ryan_\AppData\Local\Programs\MiKTeX\tex/latex/amsfonts\umsa.fd
File: umsa.fd 2013/01/14 v3.01 AMS symbols A
)
LaTeX Font Info:    Trying to load font information for U+msb on input line 79.


(C:\Users\ryan_\AppData\Local\Programs\MiKTeX\tex/latex/amsfonts\umsb.fd
File: umsb.fd 2013/01/14 v3.01 AMS symbols B
)

[1

]

LaTeX Warning: Reference `footdir@1' on page 2 undefined on input line 88.


LaTeX Warning: Reference `footdir@2' on page 2 undefined on input line 88.


LaTeX Warning: Citation 'cantor_absolute_infinity_1897' on page 2 undefined on 
input line 89.


LaTeX Warning: Citation 'aristotle_metaphysics_1831' on page 2 undefined on inp
ut line 89.


LaTeX Warning: Citation 'hegel_science_of_logic_1816' on page 2 undefined on in
put line 89.


LaTeX Warning: Citation 'wallis_arithmetica_infinitorum_1656' on page 2 undefin
ed on input line 89.


LaTeX Warning: Citation 'cusanus_de_docta_ignorantia_1440' on page 2 undefined 
on input line 89.


LaTeX Warning: Citation 'zohar_1558' on page 2 undefined on input line 89.


LaTeX Warning: File `assets/William_Blake_-_Sconfitta_-_Frontispiece_to_The_Son
g_of_Los.jpg' not found on input line 98.

! Unable to load picture or PDF file 'assets/William_Blake_-_Sconfitta_-_Fronti
spiece_to_The_Song_of_Los.jpg'.
<to be read again> 
                   }
l.98 ...tta_-_Frontispiece_to_The_Song_of_Los.jpg}
                                                  
The requested image couldn't be read because
it was not a recognized image format.


! Package graphics Error: Division by 0.

See the graphics package documentation for explanation.
Type  H <return>  for immediate help.
 ...                                              
                                                  
l.98 ...tta_-_Frontispiece_to_The_Song_of_Los.jpg}
                                                  
Your command was ignored.
Type  I <command> <return>  to replace it with another command,
or  <return>  to continue without it.

File: assets/William_Blake_-_Sconfitta_-_Frontispiece_to_The_Song_of_Los.jpg Gr
aphic file (type bmp)
<assets/William_Blake_-_Sconfitta_-_Frontispiece_to_The_Song_of_Los.jpg>


[2]

LaTeX Warning: Reference `footdir@3' on page 3 undefined on input line 103.


LaTeX Warning: Reference `footdir@4' on page 3 undefined on input line 103.

! Font TU/NotoSerifCJKSC(0)/m/n/9="Noto Serif CJK SC-Regular/OT" at 9.0pt not l
oadable: Metric (TFM) file or installed font not found.
<to be read again> 
                   relax 
l.103 ...o Absolute Infinity (the source of all).}
                                                  \label{def:negative_infini...
I wasn't able to read the size data for this font,
so I will ignore the font specification.
[Wizards can fix TFM files using TFtoPL/PLtoTF.]
You might try inserting a different font spec;
e.g., type `I\font<same font id>=<substitute font name>'.

Missing character: There is no  in font Libertinus Serif Regular/OT:script=lat
n;language=dflt;mapping=tex-text;!
Missing character: There is no  in font Libertinus Serif Regular/OT:script=lat
n;language=dflt;mapping=tex-text;!
Missing character: There is no  in font Libertinus Serif Regular/OT:script=lat
n;language=dflt;mapping=tex-text;!
Missing character: There is no  in font Libertinus Serif Regular/OT:script=lat
n;language=dflt;mapping=tex-text;!
Missing character: There is no  in font Libertinus Serif Regular/OT:script=lat
n;language=dflt;mapping=tex-text;!

LaTeX Warning: Citation 'einstein_cosmological_constant_1917' on page 3 undefin
ed on input line 103.


LaTeX Warning: Citation 'aristotle_metaphysics_1831' on page 3 undefined on inp
ut line 103.


LaTeX Warning: Citation 'newton_principia_1687' on page 3 undefined on input li
ne 103.


LaTeX Warning: Citation 'anaxagoras_fragment_59B1' on page 3 undefined on input
 line 103.


LaTeX Warning: Citation 'laozi_tao_te_ching_400bce' on page 3 undefined on inpu
t line 103.


LaTeX Warning: Citation 'newton_letter_bentley_1692' on page 3 undefined on inp
ut line 103.


LaTeX Warning: Citation 'Minkowski1909' on page 3 undefined on input line 103.


LaTeX Warning: Citation 'plato_republic_1935' on page 3 undefined on input line
 103.


LaTeX Warning: Citation 'heeck_photon_decay_2013' on page 3 undefined on input 
line 103.


LaTeX Warning: Citation 'gardner_game_of_life_1970' on page 3 undefined on inpu
t line 103.


LaTeX Warning: Citation 'axelrod_cooperation_1984' on page 3 undefined on input
 line 103.


LaTeX Warning: Citation 'cusanus_de_docta_ignorantia_1440' on page 3 undefined 
on input line 103.


Overfull \hbox (68.2091pt too wide) in paragraph at lines 103--104
[][]\TU/LibertinusSerif(1)/b/n/10.95 Negative/Spacetime Potential Infinity ($\O
T1/cmr/m/n/10.95 ^^C$\TU/LibertinusSerif(1)/b/n/10.95 )[][][][][][][][][] \TU/L
ibertinusSerif(1)/m/n/10.95  Einsteins Cosmological Constant [[]];[]
 []


Overfull \hbox (3.18378pt too wide) in paragraph at lines 103--104
[]\TU/LibertinusSerif(1)/m/n/10.95 Aristotles \TU/LibertinusSerif(1)/m/it/10.9
5 final cause \TU/LibertinusSerif(1)/m/n/10.95 [[]]; the source of absolute tim
e [[]];[]
 []


Overfull \hbox (3.595pt too wide) in paragraph at lines 103--104
[]\TU/LibertinusSerif(1)/m/n/10.95 equilibrium [[]] in a pulling entropy with g
ravity [[]];[]
 []


Overfull \hbox (98.18962pt too wide) in paragraph at lines 103--104
[]\TU/LibertinusSerif(1)/m/n/10.95 ing light [[]]; a static stable equilibrium 
of contraction and convergence [[]];[]
 []


Overfull \hbox (5.52223pt too wide) in paragraph at lines 103--104
[]\TU/LibertinusSerif(1)/m/n/10.95 that maintains the system of relativistic ev
olution being understood right now [[]];[]
 []


Overfull \hbox (19.63675pt too wide) in paragraph at lines 103--104
[]\TU/LibertinusSerif(1)/b/n/10.95 an emerging symmetrical inversion encapsulat
ed by absolute infinity \TU/LibertinusSerif(1)/m/n/10.95 [[]]. []
 []

! Font TU/NotoSerifCJKSC(0)/m/it/10="Noto Serif CJK SC-Regular/OT" at 10.0pt no
t loadable: Metric (TFM) file or installed font not found.
<to be read again> 
                   relax 
l.109 ...) Reversal is the movement of the Tao.}
                                                  
I wasn't able to read the size data for this font,
so I will ignore the font specification.
[Wizards can fix TFM files using TFtoPL/PLtoTF.]
You might try inserting a different font spec;
e.g., type `I\font<same font id>=<substitute font name>'.

Missing character: There is no  in font Libertinus Serif Italic/OT:script=latn
;language=dflt;mapping=tex-text;!
Missing character: There is no  in font Libertinus Serif Italic/OT:script=latn
;language=dflt;mapping=tex-text;!
Missing character: There is no  in font Libertinus Serif Italic/OT:script=latn
;language=dflt;mapping=tex-text;!
Missing character: There is no  in font Libertinus Serif Italic/OT:script=latn
;language=dflt;mapping=tex-text;!
Missing character: There is no  in font Libertinus Serif Italic/OT:script=latn
;language=dflt;mapping=tex-text;!
Missing character: There is no  in font Libertinus Serif Italic/OT:script=latn
;language=dflt;mapping=tex-text;!

LaTeX Warning: File `assets/Black_hole_-_Messier_87_crop_max_res.jpg' not found
 on input line 114.

! Unable to load picture or PDF file 'assets/Black_hole_-_Messier_87_crop_max_r
es.jpg'.
<to be read again> 
                   }
l.114 ...Black_hole_-_Messier_87_crop_max_res.jpg}
                                                  
The requested image couldn't be read because
it was not a recognized image format.


! Package graphics Error: Division by 0.

See the graphics package documentation for explanation.
Type  H <return>  for immediate help.
 ...                                              
                                                  
l.114 ...Black_hole_-_Messier_87_crop_max_res.jpg}
                                                  
Your command was ignored.
Type  I <command> <return>  to replace it with another command,
or  <return>  to continue without it.

File: assets/Black_hole_-_Messier_87_crop_max_res.jpg Graphic file (type bmp)
<assets/Black_hole_-_Messier_87_crop_max_res.jpg>


[3]

LaTeX Warning: Reference `footdir@5' on page 4 undefined on input line 120.


LaTeX Warning: Reference `footdir@6' on page 4 undefined on input line 120.


LaTeX Warning: Citation 'fairbanks_first_philosophers_1898' on page 4 undefined
 on input line 121.


LaTeX Warning: Citation 'aristotle_physics_1984' on page 4 undefined on input l
ine 121.


LaTeX Warning: Citation 'minkowski_spacetime_1909' on page 4 undefined on input
 line 121.


LaTeX Warning: Citation 'eddington_stars_1920' on page 4 undefined on input lin
e 121.


LaTeX Warning: Citation 'schrodinger_what_is_life_1944' on page 4 undefined on 
input line 121.


LaTeX Warning: Citation 'feynman_lectures_1964' on page 4 undefined on input li
ne 121.


LaTeX Warning: Citation 'bible_vulgate_genesis_405' on page 4 undefined on inpu
t line 121.


LaTeX Warning: Citation 'maxwell_electromagnetic_field_1865' on page 4 undefine
d on input line 121.


LaTeX Warning: Citation 'anderson_more_is_different_1972' on page 4 undefined o
n input line 121.


LaTeX Warning: Citation 'einstein_special_relativity_1905' on page 4 undefined 
on input line 121.


LaTeX Warning: Citation 'darwin_origin_of_species_1859' on page 4 undefined on 
input line 121.


LaTeX Warning: Citation 'godel_incompleteness_1931' on page 4 undefined on inpu
t line 121.


LaTeX Warning: Citation 'WhiteheadProcess' on page 4 undefined on input line 12
1.


LaTeX Warning: Citation 'Prigogine1984' on page 4 undefined on input line 121.


LaTeX Warning: File `assets/plato.png' not found on input line 130.

! Unable to load picture or PDF file 'assets/plato.png'.
<to be read again> 
                   }
l.130 ...phics[width=\linewidth]{assets/plato.png}
                                                  
The requested image couldn't be read because
it was not a recognized image format.


! Package graphics Error: Division by 0.

See the graphics package documentation for explanation.
Type  H <return>  for immediate help.
 ...                                              
                                                  
l.130 ...phics[width=\linewidth]{assets/plato.png}
                                                  
Your command was ignored.
Type  I <command> <return>  to replace it with another command,
or  <return>  to continue without it.

File: assets/plato.png Graphic file (type bmp)
<assets/plato.png>

Overfull \hbox (12.03137pt too wide) in paragraph at lines 120--133
[]\TU/LibertinusSerif(1)/m/n/10.95 totles Efficient Cause [[]]; the source of 
relativistic time [[]];[]
 []


Overfull \hbox (84.06656pt too wide) in paragraph at lines 120--133
[]\TU/LibertinusSerif(1)/m/n/10.95 tion of potential (undifferentiated light) u
nderstood through the study of symmetries [[]];[]
 []



[4]

LaTeX Warning: Reference `footdir@7' on page 5 undefined on input line 134.


LaTeX Warning: Reference `footdir@8' on page 5 undefined on input line 134.


LaTeX Warning: Citation 'noether_theorem_1918' on page 5 undefined on input lin
e 135.


LaTeX Warning: Citation 'aristotle_on_the_heavens_1939' on page 5 undefined on 
input line 135.


LaTeX Warning: Citation 'plato_complete_works_1997' on page 5 undefined on inpu
t line 135.


LaTeX Warning: Citation 'klein_erlangen_program_1872' on page 5 undefined on in
put line 135.


LaTeX Warning: Citation 'recorde_equals_sign_1557' on page 5 undefined on input
 line 135.


LaTeX Warning: Citation 'vyasa_bhagavad_gita_500bce' on page 5 undefined on inp
ut line 135.


LaTeX Warning: Citation 'weyl_symmetry_1952' on page 5 undefined on input line 
135.


LaTeX Warning: Citation 'protagoras_man_measure_401bce' on page 5 undefined on 
input line 135.


LaTeX Warning: Citation 'kepler_harmonices_mundi_1618' on page 5 undefined on i
nput line 135.


LaTeX Warning: Citation 'hermes_trismegistus_emerald_tablet_800bce' on page 5 u
ndefined on input line 135.


LaTeX Warning: Citation 'frege_concept_object_1892' on page 5 undefined on inpu
t line 135.


LaTeX Warning: Citation 'marcus_aurelius_meditations_180' on page 5 undefined o
n input line 135.


LaTeX Warning: Citation 'pizlo_symmetry_perception_2021' on page 5 undefined on
 input line 135.


LaTeX Warning: Citation 'vico_de_antiquissima_1710' on page 5 undefined on inpu
t line 135.


LaTeX Warning: Citation 'epimenides_paradox_600bce' on page 5 undefined on inpu
t line 135.


LaTeX Warning: Citation 'ockham_summa_logicae_1323' on page 5 undefined on inpu
t line 135.


LaTeX Warning: Citation 'confucius_analects_500bce' on page 5 undefined on inpu
t line 135.


LaTeX Warning: Citation 'sun_brillouin_klein_bottle_2022' on page 5 undefined o
n input line 135.


LaTeX Warning: Citation 'thomson_vortex_atoms_1867' on page 5 undefined on inpu
t line 135.


Overfull \hbox (75.2025pt too wide) in paragraph at lines 134--136
[][]\TU/LibertinusSerif(1)/b/n/10.95 Symmetry($\OT1/cmr/m/n/10.95 /$\TU/Liberti
nusSerif(1)/b/n/10.95 )[][][][][][][][] []\TU/LibertinusSerif(1)/m/n/10.95  No
ethers Symmetry [[]]; Aristotles Cosmology [[]];[]
 []


Overfull \hbox (38.83238pt too wide) in paragraph at lines 134--136
[]\TU/LibertinusSerif(1)/m/n/10.95 A universal operator [[]]; invariant symbol 
(variable) [[]];[]
 []


Overfull \hbox (135.48898pt too wide) in paragraph at lines 134--136
[]\TU/LibertinusSerif(1)/m/n/10.95 scribed as a symmetry [[]]; we can only unde
rstand in ratio and approximation [[]];[]
 []


Overfull \hbox (81.89613pt too wide) in paragraph at lines 134--136
[]\TU/LibertinusSerif(1)/m/n/10.95 invariant in order to have meaning; this is 
an inescapable truth and to think otherwise is absurd [[]];[]
 []


Overfull \hbox (2.40881pt too wide) in paragraph at lines 134--136
[]\TU/LibertinusSerif(1)/m/n/10.95 unknowable we can begin to understand why tu
rbulence appears at all scales [[]];[]
 []


Overfull \hbox (116.08563pt too wide) in paragraph at lines 134--136
[]\TU/LibertinusSerif(1)/m/n/10.95 why the lattice is key to the torus [[]]; an
d the torus is key to physics [[]]. []
 []


LaTeX Warning: File `assets/Da_Vinci_Vitruve_Luc_Viatour.jpg' not found on inpu
t line 149.

! Unable to load picture or PDF file 'assets/Da_Vinci_Vitruve_Luc_Viatour.jpg'.
<to be read again> 
                   }
l.149 ...{assets/Da_Vinci_Vitruve_Luc_Viatour.jpg}
                                                  
The requested image couldn't be read because
it was not a recognized image format.


! Package graphics Error: Division by 0.

See the graphics package documentation for explanation.
Type  H <return>  for immediate help.
 ...                                              
                                                  
l.149 ...{assets/Da_Vinci_Vitruve_Luc_Viatour.jpg}
                                                  
Your command was ignored.
Type  I <command> <return>  to replace it with another command,
or  <return>  to continue without it.

File: assets/Da_Vinci_Vitruve_Luc_Viatour.jpg Graphic file (type bmp)
<assets/Da_Vinci_Vitruve_Luc_Viatour.jpg>


[5]

[6]

[7]

LaTeX Warning: Reference `footdir@9' on page 8 undefined on input line 210.


LaTeX Warning: Reference `footdir@10' on page 8 undefined on input line 210.


LaTeX Warning: Citation 'AristotlePosteriorAnalytics' on page 8 undefined on in
put line 210.


LaTeX Warning: Citation 'Ptolemy150' on page 8 undefined on input line 210.


LaTeX Warning: Citation 'Ockham1323' on page 8 undefined on input line 210.


LaTeX Warning: Citation 'NewtonPrincipiaRule1' on page 8 undefined on input lin
e 210.


LaTeX Warning: File `assets/rings.png' not found on input line 220.

! Unable to load picture or PDF file 'assets/rings.png'.
<to be read again> 
                   }
l.220 ...phics[width=\linewidth]{assets/rings.png}
                                                  
The requested image couldn't be read because
it was not a recognized image format.


! Package graphics Error: Division by 0.

See the graphics package documentation for explanation.
Type  H <return>  for immediate help.
 ...                                              
                                                  
l.220 ...phics[width=\linewidth]{assets/rings.png}
                                                  
Your command was ignored.
Type  I <command> <return>  to replace it with another command,
or  <return>  to continue without it.

File: assets/rings.png Graphic file (type bmp)
<assets/rings.png>


[8]

LaTeX Warning: Citation 'AristotleFormalCause' on page 9 undefined on input lin
e 225.


LaTeX Warning: Citation 'Brahmagupta628' on page 9 undefined on input line 225.



LaTeX Warning: Citation 'Kelvin1867' on page 9 undefined on input line 225.


LaTeX Warning: Citation 'Tait1898' on page 9 undefined on input line 225.


LaTeX Warning: Citation 'Deleuze1993' on page 9 undefined on input line 225.


LaTeX Warning: Citation 'Maturana1980' on page 9 undefined on input line 225.


LaTeX Warning: Citation 'SpencerBrown1969' on page 9 undefined on input line 22
5.


LaTeX Warning: Citation 'Jung1955' on page 9 undefined on input line 225.


LaTeX Warning: Citation 'Cusa1440' on page 9 undefined on input line 225.


LaTeX Warning: Reference `footdir@11' on page 9 undefined on input line 225.


LaTeX Warning: Reference `footdir@12' on page 9 undefined on input line 225.


Overfull \hbox (34.12729pt too wide) in paragraph at lines 225--226
[][]\TU/LibertinusSerif(1)/b/n/10.95 Knot Infinity ($[]$). \TU/LibertinusSerif(
1)/m/n/10.95  Aristotles \TU/LibertinusSerif(1)/m/it/10.95 formal cause \TU/L
ibertinusSerif(1)/m/n/10.95 [[]]; arithmetic rules for zero [[]];[]
 []


LaTeX Warning: File `assets/rings.png' not found on input line 235.


! Package graphics Error: Division by 0.

See the graphics package documentation for explanation.
Type  H <return>  for immediate help.
 ...                                              
                                                  
l.235 ...phics[width=\linewidth]{assets/rings.png}
                                                  
Your command was ignored.
Type  I <command> <return>  to replace it with another command,
or  <return>  to continue without it.

File: assets/rings.png Graphic file (type bmp)
<assets/rings.png>
! Font TU/NotoSerifCJKSC(0)/m/n/10.95="Noto Serif CJK SC-Regular/OT" at 10.95pt
 not loadable: Metric (TFM) file or installed font not found.
<to be read again> 
                   relax 
l.239 ...Infinity turns upon itself to create an 
                                                  inside distinguished from...
I wasn't able to read the size data for this font,
so I will ignore the font specification.
[Wizards can fix TFM files using TFtoPL/PLtoTF.]
You might try inserting a different font spec;
e.g., type `I\font<same font id>=<substitute font name>'.



[9]

LaTeX Warning: Reference `footdir@13' on page 10 undefined on input line 245.


LaTeX Warning: Reference `footdir@14' on page 10 undefined on input line 245.


LaTeX Warning: Citation 'AristotleMaterialCause' on page 10 undefined on input 
line 245.


LaTeX Warning: Citation 'AnaximanderApeiron' on page 10 undefined on input line
 245.


LaTeX Warning: Citation 'Pascal1647' on page 10 undefined on input line 245.


LaTeX Warning: Citation 'Pythagoras' on page 10 undefined on input line 245.


LaTeX Warning: Citation 'Euclid' on page 10 undefined on input line 245.


LaTeX Warning: Citation 'Fibonacci1202' on page 10 undefined on input line 245.



LaTeX Warning: Citation 'Pacioli1509' on page 10 undefined on input line 245.


LaTeX Warning: Citation 'Kepler1619' on page 10 undefined on input line 245.


LaTeX Warning: Citation 'Zeising1854' on page 10 undefined on input line 245.


LaTeX Warning: Citation 'Thompson1917' on page 10 undefined on input line 245.


LaTeX Warning: Citation 'Penrose1978' on page 10 undefined on input line 245.


LaTeX Warning: Citation 'Shechtman1984' on page 10 undefined on input line 245.



LaTeX Warning: File `assets/rings.png' not found on input line 255.


! Package graphics Error: Division by 0.

See the graphics package documentation for explanation.
Type  H <return>  for immediate help.
 ...                                              
                                                  
l.255 ...phics[width=\linewidth]{assets/rings.png}
                                                  
Your command was ignored.
Type  I <command> <return>  to replace it with another command,
or  <return>  to continue without it.

File: assets/rings.png Graphic file (type bmp)
<assets/rings.png>


[10]

LaTeX Warning: Reference `footdir@15' on page 11 undefined on input line 266.


LaTeX Warning: Reference `footdir@16' on page 11 undefined on input line 266.


LaTeX Warning: Citation 'Apollonius200BC' on page 11 undefined on input line 26
6.


LaTeX Warning: Citation 'Copernicus1543' on page 11 undefined on input line 266
.


LaTeX Warning: Citation 'Descartes1637' on page 11 undefined on input line 266.



LaTeX Warning: Citation 'Boole1854' on page 11 undefined on input line 266.


LaTeX Warning: Citation 'Cantor1874' on page 11 undefined on input line 266.


LaTeX Warning: Citation 'Dedekind1888' on page 11 undefined on input line 266.


LaTeX Warning: Citation 'Zermelo1908' on page 11 undefined on input line 266.


Overfull \hbox (45.12778pt too wide) in paragraph at lines 266--267
[][]\TU/LibertinusSerif(1)/b/n/10.95 Subset[][][][][][][][][] \TU/LibertinusSer
if(1)/m/n/10.95  The axis of emergence [[]]; a pivot to orientate space [[]]; 
 [[]];[]
 []



[11]

LaTeX Warning: Reference `footdir@17' on page 12 undefined on input line 269.


LaTeX Warning: Reference `footdir@18' on page 12 undefined on input line 269.


LaTeX Warning: Citation 'Descartes1637' on page 12 undefined on input line 269.



LaTeX Warning: Citation 'Cantor1891' on page 12 undefined on input line 269.


LaTeX Warning: Citation 'Zermelo1908' on page 12 undefined on input line 269.


LaTeX Warning: Citation 'Mandelbrot1982' on page 12 undefined on input line 269
.



[12]

LaTeX Warning: Reference `footdir@19' on page 13 undefined on input line 272.


LaTeX Warning: Reference `footdir@20' on page 13 undefined on input line 272.


LaTeX Warning: Citation 'Kepler1611' on page 13 undefined on input line 272.


LaTeX Warning: Citation 'Bravais1850' on page 13 undefined on input line 272.


LaTeX Warning: Citation 'Birkhoff1940' on page 13 undefined on input line 272.



[13]

LaTeX Warning: Reference `footdir@21' on page 14 undefined on input line 275.


LaTeX Warning: Reference `footdir@22' on page 14 undefined on input line 275.


LaTeX Warning: Citation 'BibleGenesis' on page 14 undefined on input line 275.


LaTeX Warning: Citation 'AristotleMetaphysicsLambda' on page 14 undefined on in
put line 275.


LaTeX Warning: Citation 'Lemaitre1931' on page 14 undefined on input line 275.


Overfull \hbox (80.66359pt too wide) in paragraph at lines 275--276
[][]\TU/LibertinusSerif(1)/b/n/10.95 Origin[][][][][][][][][] \TU/LibertinusSer
if(1)/m/n/10.95  time and existence have a definite inception[[]]; causes of t
he cosmos [[]];[]
 []



[14]

LaTeX Warning: Reference `footdir@23' on page 15 undefined on input line 278.


LaTeX Warning: Reference `footdir@24' on page 15 undefined on input line 278.


LaTeX Warning: Citation 'Newton1704' on page 15 undefined on input line 278.


LaTeX Warning: Citation 'Planck1901' on page 15 undefined on input line 278.


LaTeX Warning: Citation 'einstein_special_relativity_1905' on page 15 undefined
 on input line 278.


LaTeX Warning: Citation 'Compton1923' on page 15 undefined on input line 278.


LaTeX Warning: Citation 'Lewis1926' on page 15 undefined on input line 278.



[15]

LaTeX Warning: Reference `footdir@25' on page 16 undefined on input line 282.


LaTeX Warning: Reference `footdir@26' on page 16 undefined on input line 282.


LaTeX Warning: Citation 'Pappus1878' on page 16 undefined on input line 283.


LaTeX Warning: Citation 'Listing1847' on page 16 undefined on input line 283.


LaTeX Warning: Citation 'Poincare1895' on page 16 undefined on input line 283.



[16]

LaTeX Warning: Citation 'Euclid1956' on page 17 undefined on input line 286.


LaTeX Warning: Citation 'Pacioli1509' on page 17 undefined on input line 286.


LaTeX Warning: Citation 'Kepler1619' on page 17 undefined on input line 286.


LaTeX Warning: Empty bibliography on input line 305.



[17] (framework.aux)
 ***********
LaTeX2e <2024-11-01> patch level 2
L3 programming layer <2022/08/05>
 ***********


LaTeX Warning: There were undefined references.


LaTeX Warning: Label(s) may have changed. Rerun to get cross-references right.


Package rerunfilecheck Warning: File `framework.out' has changed.
(rerunfilecheck)                Rerun to get outlines right
(rerunfilecheck)                or use package `bookmark'.

Package rerunfilecheck Info: Checksums for `framework.out':
(rerunfilecheck)             Before: <no file>
(rerunfilecheck)             After:  D41D8CD98F00B204E9800998ECF8427E;0.

Package biblatex Warning: Please (re)run Biber on the file:
(biblatex)                framework
(biblatex)                and rerun LaTeX afterwards.

Package logreq Info: Writing requests to 'framework.run.xml'.
\openout1 = `framework.run.xml'.

 ) 
Here is how much of TeX's memory you used:
 26901 strings out of 405057
 574395 string characters out of 5499578
 1455913 words of memory out of 5000000
 53196 multiletter control sequences out of 15000+600000
 636478 words of font info for 120 fonts, out of 8000000 for 9000
 1348 hyphenation exceptions out of 8191
 82i,8n,93p,5220b,3742s stack positions out of 10000i,1000n,20000p,200000b,200000s

Output written on framework.xdv (17 pages, 436204 bytes).
